<?xml version="1.0" encoding="UTF-8"?>
<!-- Generated by org.testng.reporters.JUnitReportReporter -->
<testsuite hostname="JaNi" failures="0" tests="1" name="cucumberOptions.TestNGRunner" time="7.627" errors="0" timestamp="2025-06-14T13:09:38 EDT" skipped="0">
  <testcase classname="cucumberOptions.TestNGRunner" name="runScenario" time="7.627"/>
</testsuite> <!-- cucumberOptions.TestNGRunner -->
